<?xml version="1.0" encoding="UTF-8"?>
<!-- Generated by org.testng.reporters.JUnitReportReporter -->
<testsuite hostname="Shreyas" failures="0" tests="1" name="TestNG.BMW" time="5.205" errors="0" timestamp="2026-06-26T11:35:13 IST" skipped="0">
  <testcase classname="TestNG.BMW" name="launch" time="5.205">
    <system-out>
      <![CDATA[The new X3 in the price of 74,50,000]]>
    </system-out>
  </testcase> <!-- launch -->
  <system-out>
    <![CDATA[The new X3 in the price of 74,50,000
All new z900 is launched
NEW Himalayan is launched]]>
  </system-out>
</testsuite> <!-- TestNG.BMW -->
