<?xml version="1.0" encoding="UTF-8"?>
<!-- Generated by org.testng.reporters.JUnitReportReporter -->
<testsuite hostname="Shreyas" failures="0" tests="1" name="TestNG.ConfigurationAnnotation" time="0.011" errors="0" timestamp="2026-04-28T11:07:47 IST" skipped="0">
  <testcase classname="TestNG.ConfigurationAnnotation" name="test" time="0.011">
    <system-out>
      <![CDATA[Trest is executed]]>
    </system-out>
  </testcase> <!-- test -->
  <system-out>
    <![CDATA[BeforeSuite is executed
Beforetest is executed
Beforeclass is executed
Beforemethord is executed
Trest is executed
Aftermethord is executed
Afterclass is executed
Aftertest is executed
AfterSuite is executed]]>
  </system-out>
</testsuite> <!-- TestNG.ConfigurationAnnotation -->
