<?xml version="1.0" encoding="UTF-8"?>
<!-- Generated by org.testng.reporters.JUnitReportReporter -->
<testsuite hostname="Shreyas" failures="0" tests="1" name="TestNG.Kawasaki" time="7.016" errors="0" timestamp="2026-06-26T11:35:13 IST" skipped="0">
  <testcase classname="TestNG.Kawasaki" name="launch" time="7.016">
    <system-out>
      <![CDATA[All new z900 is launched]]>
    </system-out>
  </testcase> <!-- launch -->
  <system-out>
    <![CDATA[The new X3 in the price of 74,50,000
All new z900 is launched
NEW Himalayan is launched]]>
  </system-out>
</testsuite> <!-- TestNG.Kawasaki -->
