<?xml version="1.0" encoding="UTF-8"?>
<!-- Generated by org.testng.reporters.JUnitReportReporter -->
<testsuite hostname="Shreyas" failures="0" tests="3" name="TestNG.AnnotationAttributes" time="9.590" errors="0" timestamp="2026-04-27T11:21:33 IST" skipped="0">
  <testcase classname="TestNG.AnnotationAttributes" name="login" time="2.846">
    <system-out>
      <![CDATA[Login page is Displayed]]>
    </system-out>
  </testcase> <!-- login -->
  <testcase classname="TestNG.AnnotationAttributes" name="register" time="2.932">
    <system-out>
      <![CDATA[Register page is Displayed]]>
    </system-out>
  </testcase> <!-- register -->
  <testcase classname="TestNG.AnnotationAttributes" name="demo" time="3.812">
    <system-out>
      <![CDATA[Welcome to TestNG]]>
    </system-out>
  </testcase> <!-- demo -->
  <system-out>
    <![CDATA[Welcome to TestNG
Login page is Displayed
Register page is Displayed]]>
  </system-out>
</testsuite> <!-- TestNG.AnnotationAttributes -->
