<?xml version="1.0" encoding="UTF-8"?>
<!-- Generated by org.testng.reporters.JUnitReportReporter -->
<testsuite hostname="Shreyas" failures="0" tests="1" name="TestNG.Demo" time="3.020" errors="0" timestamp="2026-06-23T10:48:55 IST" skipped="0">
  <testcase classname="TestNG.Demo" name="launch" time="3.020">
    <system-out>
      <![CDATA[Welcome to TestNG]]>
    </system-out>
  </testcase> <!-- launch -->
  <system-out>
    <![CDATA[NEW Himalayan is launched
Welcome to TestNG]]>
  </system-out>
</testsuite> <!-- TestNG.Demo -->
