<?xml version="1.0" encoding="UTF-8"?>
<!-- Generated by org.testng.reporters.JUnitReportReporter -->
<testsuite hostname="Shreyas" failures="0" tests="1" name="TestNG.ToClickOnBooks" time="5.144" errors="0" timestamp="2026-06-24T10:47:49 IST" skipped="0">
  <testcase classname="TestNG.ToClickOnBooks" name="clickOnBooks" time="5.144">
    <system-out>
      <![CDATA[Book Page is Displayed]]>
    </system-out>
  </testcase> <!-- clickOnBooks -->
  <system-out>
    <![CDATA[Book Page is Displayed]]>
  </system-out>
</testsuite> <!-- TestNG.ToClickOnBooks -->
