<?xml version="1.0" encoding="UTF-8"?>
<!-- Generated by org.testng.reporters.JUnitReportReporter -->
<testsuite hostname="Shreyas" failures="0" tests="1" name="TestNG.ToLearnHardAssert" time="6.254" errors="0" timestamp="2026-06-24T11:45:35 IST" skipped="0">
  <testcase classname="TestNG.ToLearnHardAssert" name="login" time="6.254">
    <system-out>
      <![CDATA[WelcomePage is Displayed
WelcomePage is Displayed]]>
    </system-out>
  </testcase> <!-- login -->
  <system-out>
    <![CDATA[WelcomePage is Displayed
WelcomePage is Displayed]]>
  </system-out>
</testsuite> <!-- TestNG.ToLearnHardAssert -->
