<?xml version="1.0" encoding="UTF-8"?>
<testng-results ignored="0" total="3" passed="3" failed="0" skipped="0">
  <reporter-output>
    <line>
      <![CDATA[The new X3 in the price of 74,50,000]]>
    </line>
    <line>
      <![CDATA[All new z900 is launched]]>
    </line>
    <line>
      <![CDATA[NEW Himalayan is launched]]>
    </line>
  </reporter-output>
  <suite started-at="2026-06-26T11:35:02 IST" name="Suite" finished-at="2026-06-26T11:35:12 IST" duration-ms="10021">
    <groups>
      <group name="Regression">
        <method signature="RoyalEnfield.launch()[pri:0, instance:TestNG.RoyalEnfield@5ddeb7cb]" name="launch" class="TestNG.RoyalEnfield"/>
      </group> <!-- Regression -->
      <group name="smoke">
        <method signature="BMW.launch()[pri:0, instance:TestNG.BMW@5386659f]" name="launch" class="TestNG.BMW"/>
        <method signature="Kawasaki.launch()[pri:0, instance:TestNG.Kawasaki@24569dba]" name="launch" class="TestNG.Kawasaki"/>
      </group> <!-- smoke -->
    </groups>
    <test started-at="2026-06-26T11:35:02 IST" name="Test" finished-at="2026-06-26T11:35:12 IST" duration-ms="10021">
      <class name="TestNG.BMW">
        <test-method signature="launch()[pri:0, instance:TestNG.BMW@5386659f]" started-at="2026-06-26T11:35:03 IST" name="launch" finished-at="2026-06-26T11:35:08 IST" duration-ms="5205" status="PASS">
          <reporter-output>
            <line>
              <![CDATA[The new X3 in the price of 74,50,000]]>
            </line>
          </reporter-output>
        </test-method> <!-- launch -->
      </class> <!-- TestNG.BMW -->
      <class name="TestNG.RoyalEnfield">
        <test-method signature="launch()[pri:0, instance:TestNG.RoyalEnfield@5ddeb7cb]" started-at="2026-06-26T11:35:03 IST" name="launch" finished-at="2026-06-26T11:35:12 IST" duration-ms="9950" status="PASS">
          <reporter-output>
            <line>
              <![CDATA[NEW Himalayan is launched]]>
            </line>
          </reporter-output>
        </test-method> <!-- launch -->
      </class> <!-- TestNG.RoyalEnfield -->
      <class name="TestNG.Kawasaki">
        <test-method signature="launch()[pri:0, instance:TestNG.Kawasaki@24569dba]" started-at="2026-06-26T11:35:03 IST" name="launch" finished-at="2026-06-26T11:35:10 IST" duration-ms="7016" status="PASS">
          <reporter-output>
            <line>
              <![CDATA[All new z900 is launched]]>
            </line>
          </reporter-output>
        </test-method> <!-- launch -->
      </class> <!-- TestNG.Kawasaki -->
    </test> <!-- Test -->
  </suite> <!-- Suite -->
</testng-results>
